0 verbose cli C:\Program Files\nodejs\node.exe C:\Users\paradise\AppData\Roaming\npm\node_modules\npm\bin\npm-cli.js
1 info using npm@11.3.0
2 info using node@v22.15.0
3 silly config load:file:C:\Users\paradise\AppData\Roaming\npm\node_modules\npm\npmrc
4 silly config load:file:C:\Users\paradise\OneDrive\Desktop\ts-pokedex-master\.npmrc
5 silly config load:file:C:\Users\paradise\.npmrc
6 silly config load:file:C:\Users\paradise\AppData\Roaming\npm\etc\npmrc
7 verbose title npm install vite typescript react react-dom
8 verbose argv "install" "vite" "typescript" "react" "react-dom"
9 verbose logfile logs-max:10 dir:C:\Users\paradise\OneDrive\Desktop\ts-pokedex-master\npm-cache\_logs\2025-07-04T02_24_53_261Z-
10 verbose logfile C:\Users\paradise\OneDrive\Desktop\ts-pokedex-master\npm-cache\_logs\2025-07-04T02_24_53_261Z-debug-0.log
11 silly logfile done cleaning log files
12 silly packumentCache heap:4345298944 maxSize:1086324736 maxEntrySize:543162368
13 silly idealTree buildDeps
14 silly fetch manifest vite@*
15 silly packumentCache full:https://registry.npmjs.org/vite cache-miss
16 http fetch GET 200 https://registry.npmjs.org/vite 905ms (cache miss)
17 silly packumentCache full:https://registry.npmjs.org/vite set size:undefined disposed:false
18 silly fetch manifest @types/node@^20.19.0 || >=22.12.0
19 silly packumentCache full:https://registry.npmjs.org/@types%2fnode cache-miss
20 http fetch GET 200 https://registry.npmjs.org/@types%2fnode 258ms (cache miss)
21 silly packumentCache full:https://registry.npmjs.org/@types%2fnode set size:undefined disposed:false
22 silly fetch manifest jiti@>=1.21.0
23 silly packumentCache full:https://registry.npmjs.org/jiti cache-miss
24 http fetch GET 200 https://registry.npmjs.org/jiti 101ms (cache miss)
25 silly packumentCache full:https://registry.npmjs.org/jiti set size:undefined disposed:false
26 silly fetch manifest less@^4.0.0
27 silly packumentCache full:https://registry.npmjs.org/less cache-miss
28 http fetch GET 200 https://registry.npmjs.org/less 69ms (cache miss)
29 silly packumentCache full:https://registry.npmjs.org/less set size:undefined disposed:false
30 silly fetch manifest lightningcss@^1.21.0
31 silly packumentCache full:https://registry.npmjs.org/lightningcss cache-miss
32 http fetch GET 200 https://registry.npmjs.org/lightningcss 39ms (cache miss)
33 silly packumentCache full:https://registry.npmjs.org/lightningcss set size:undefined disposed:false
34 silly fetch manifest sass@^1.70.0
35 silly packumentCache full:https://registry.npmjs.org/sass cache-miss
36 http fetch GET 200 https://registry.npmjs.org/sass 156ms (cache miss)
37 silly packumentCache full:https://registry.npmjs.org/sass set size:undefined disposed:false
38 silly fetch manifest sass-embedded@^1.70.0
39 silly packumentCache full:https://registry.npmjs.org/sass-embedded cache-miss
40 http fetch GET 200 https://registry.npmjs.org/sass-embedded 79ms (cache miss)
41 silly packumentCache full:https://registry.npmjs.org/sass-embedded set size:undefined disposed:false
42 silly fetch manifest stylus@>=0.54.8
43 silly packumentCache full:https://registry.npmjs.org/stylus cache-miss
44 http fetch GET 200 https://registry.npmjs.org/stylus 100ms (cache miss)
45 silly packumentCache full:https://registry.npmjs.org/stylus set size:undefined disposed:false
46 silly fetch manifest sugarss@^5.0.0
47 silly packumentCache full:https://registry.npmjs.org/sugarss cache-miss
48 http fetch GET 200 https://registry.npmjs.org/sugarss 63ms (cache miss)
49 silly packumentCache full:https://registry.npmjs.org/sugarss set size:undefined disposed:false
50 silly fetch manifest postcss@^8.3.3
51 silly packumentCache full:https://registry.npmjs.org/postcss cache-miss
52 http fetch GET 200 https://registry.npmjs.org/postcss 110ms (cache miss)
53 silly packumentCache full:https://registry.npmjs.org/postcss set size:undefined disposed:false
54 silly fetch manifest terser@^5.16.0
55 silly packumentCache full:https://registry.npmjs.org/terser cache-miss
56 http fetch GET 200 https://registry.npmjs.org/terser 68ms (cache miss)
57 silly packumentCache full:https://registry.npmjs.org/terser set size:undefined disposed:false
58 silly fetch manifest tsx@^4.8.1
59 silly packumentCache full:https://registry.npmjs.org/tsx cache-miss
60 http fetch GET 200 https://registry.npmjs.org/tsx 41ms (cache miss)
61 silly packumentCache full:https://registry.npmjs.org/tsx set size:undefined disposed:false
62 silly fetch manifest yaml@^2.4.2
63 silly packumentCache full:https://registry.npmjs.org/yaml cache-miss
64 http fetch GET 200 https://registry.npmjs.org/yaml 35ms (cache miss)
65 silly packumentCache full:https://registry.npmjs.org/yaml set size:undefined disposed:false
66 silly fetch manifest typescript@*
67 silly packumentCache full:https://registry.npmjs.org/typescript cache-miss
68 http fetch GET 200 https://registry.npmjs.org/typescript 197ms (cache miss)
69 silly packumentCache full:https://registry.npmjs.org/typescript set size:undefined disposed:false
70 silly fetch manifest react@*
71 silly packumentCache full:https://registry.npmjs.org/react cache-miss
72 http fetch GET 200 https://registry.npmjs.org/react 151ms (cache miss)
73 silly packumentCache full:https://registry.npmjs.org/react set size:undefined disposed:false
74 silly fetch manifest react-dom@*
75 silly packumentCache full:https://registry.npmjs.org/react-dom cache-miss
76 http fetch GET 200 https://registry.npmjs.org/react-dom 150ms (cache miss)
77 silly packumentCache full:https://registry.npmjs.org/react-dom set size:undefined disposed:false
78 silly placeDep ROOT react@19.1.0 OK for: ts-pokedex-master@1.0.0 want: *
79 silly placeDep ROOT react-dom@19.1.0 OK for: ts-pokedex-master@1.0.0 want: *
80 silly placeDep ROOT typescript@5.8.3 OK for: ts-pokedex-master@1.0.0 want: *
81 silly placeDep ROOT vite@7.0.1 OK for: ts-pokedex-master@1.0.0 want: *
82 silly fetch manifest scheduler@^0.26.0
83 silly packumentCache full:https://registry.npmjs.org/scheduler cache-miss
84 silly fetch manifest esbuild@^0.25.0
85 silly packumentCache full:https://registry.npmjs.org/esbuild cache-miss
86 silly fetch manifest fdir@^6.4.6
87 silly packumentCache full:https://registry.npmjs.org/fdir cache-miss
88 silly fetch manifest picomatch@^4.0.2
89 silly packumentCache full:https://registry.npmjs.org/picomatch cache-miss
90 silly fetch manifest postcss@^8.5.6
91 silly packumentCache full:https://registry.npmjs.org/postcss cache-miss
92 silly fetch manifest rollup@^4.40.0
93 silly packumentCache full:https://registry.npmjs.org/rollup cache-miss
94 silly fetch manifest tinyglobby@^0.2.14
95 silly packumentCache full:https://registry.npmjs.org/tinyglobby cache-miss
96 http cache https://registry.npmjs.org/postcss 24ms (cache hit)
97 silly packumentCache full:https://registry.npmjs.org/postcss set size:696262 disposed:false
98 silly fetch manifest fsevents@~2.3.3
99 silly packumentCache full:https://registry.npmjs.org/fsevents cache-miss
100 http fetch GET 200 https://registry.npmjs.org/picomatch 189ms (cache miss)
101 silly packumentCache full:https://registry.npmjs.org/picomatch set size:undefined disposed:false
102 http fetch GET 200 https://registry.npmjs.org/tinyglobby 203ms (cache miss)
103 silly packumentCache full:https://registry.npmjs.org/tinyglobby set size:undefined disposed:false
104 http fetch GET 200 https://registry.npmjs.org/fdir 207ms (cache miss)
105 silly packumentCache full:https://registry.npmjs.org/fdir set size:undefined disposed:false
106 http fetch GET 200 https://registry.npmjs.org/fsevents 210ms (cache miss)
107 silly packumentCache full:https://registry.npmjs.org/fsevents set size:undefined disposed:false
108 http fetch GET 200 https://registry.npmjs.org/esbuild 244ms (cache miss)
109 silly packumentCache full:https://registry.npmjs.org/esbuild set size:undefined disposed:false
110 http fetch GET 200 https://registry.npmjs.org/scheduler 251ms (cache miss)
111 silly packumentCache full:https://registry.npmjs.org/scheduler set size:undefined disposed:false
112 http fetch GET 200 https://registry.npmjs.org/rollup 308ms (cache miss)
113 silly packumentCache full:https://registry.npmjs.org/rollup set size:undefined disposed:false
114 silly placeDep ROOT scheduler@0.26.0 OK for: react-dom@19.1.0 want: ^0.26.0
115 silly placeDep ROOT esbuild@0.25.5 OK for: vite@7.0.1 want: ^0.25.0
116 silly placeDep ROOT fdir@6.4.6 OK for: vite@7.0.1 want: ^6.4.6
117 silly placeDep ROOT fsevents@2.3.3 OK for: vite@7.0.1 want: ~2.3.3
118 silly placeDep ROOT picomatch@4.0.2 OK for: vite@7.0.1 want: ^4.0.2
119 silly placeDep ROOT postcss@8.5.6 OK for: vite@7.0.1 want: ^8.5.6
120 silly placeDep ROOT rollup@4.44.1 OK for: vite@7.0.1 want: ^4.40.0
121 silly placeDep ROOT tinyglobby@0.2.14 OK for: vite@7.0.1 want: ^0.2.14
122 silly fetch manifest @esbuild/aix-ppc64@0.25.5
123 silly packumentCache full:https://registry.npmjs.org/@esbuild%2faix-ppc64 cache-miss
124 silly fetch manifest @esbuild/android-arm@0.25.5
125 silly packumentCache full:https://registry.npmjs.org/@esbuild%2fandroid-arm cache-miss
126 silly fetch manifest @esbuild/android-arm64@0.25.5
127 silly packumentCache full:https://registry.npmjs.org/@esbuild%2fandroid-arm64 cache-miss
128 silly fetch manifest @esbuild/android-x64@0.25.5
129 silly packumentCache full:https://registry.npmjs.org/@esbuild%2fandroid-x64 cache-miss
130 silly fetch manifest @esbuild/darwin-arm64@0.25.5
131 silly packumentCache full:https://registry.npmjs.org/@esbuild%2fdarwin-arm64 cache-miss
132 silly fetch manifest @esbuild/darwin-x64@0.25.5
133 silly packumentCache full:https://registry.npmjs.org/@esbuild%2fdarwin-x64 cache-miss
134 silly fetch manifest @esbuild/freebsd-arm64@0.25.5
135 silly packumentCache full:https://registry.npmjs.org/@esbuild%2ffreebsd-arm64 cache-miss
136 http fetch GET 200 https://registry.npmjs.org/@esbuild%2faix-ppc64 62ms (cache miss)
137 silly packumentCache full:https://registry.npmjs.org/@esbuild%2faix-ppc64 set size:undefined disposed:false
138 silly fetch manifest @esbuild/freebsd-x64@0.25.5
139 silly packumentCache full:https://registry.npmjs.org/@esbuild%2ffreebsd-x64 cache-miss
140 http fetch GET 200 https://registry.npmjs.org/@esbuild%2fandroid-arm 71ms (cache miss)
141 silly packumentCache full:https://registry.npmjs.org/@esbuild%2fandroid-arm set size:undefined disposed:false
142 silly fetch manifest @esbuild/linux-arm@0.25.5
143 silly packumentCache full:https://registry.npmjs.org/@esbuild%2flinux-arm cache-miss
144 http fetch GET 200 https://registry.npmjs.org/@esbuild%2ffreebsd-arm64 75ms (cache miss)
145 silly packumentCache full:https://registry.npmjs.org/@esbuild%2ffreebsd-arm64 set size:undefined disposed:false
146 silly fetch manifest @esbuild/linux-arm64@0.25.5
147 silly packumentCache full:https://registry.npmjs.org/@esbuild%2flinux-arm64 cache-miss
148 http fetch GET 200 https://registry.npmjs.org/@esbuild%2fandroid-arm64 80ms (cache miss)
149 silly packumentCache full:https://registry.npmjs.org/@esbuild%2fandroid-arm64 set size:undefined disposed:false
150 silly fetch manifest @esbuild/linux-ia32@0.25.5
151 silly packumentCache full:https://registry.npmjs.org/@esbuild%2flinux-ia32 cache-miss
152 http fetch GET 200 https://registry.npmjs.org/@esbuild%2fandroid-x64 83ms (cache miss)
153 silly packumentCache full:https://registry.npmjs.org/@esbuild%2fandroid-x64 set size:undefined disposed:false
154 silly fetch manifest @esbuild/linux-loong64@0.25.5
155 silly packumentCache full:https://registry.npmjs.org/@esbuild%2flinux-loong64 cache-miss
156 http fetch GET 200 https://registry.npmjs.org/@esbuild%2fdarwin-arm64 89ms (cache miss)
157 silly packumentCache full:https://registry.npmjs.org/@esbuild%2fdarwin-arm64 set size:undefined disposed:false
158 silly fetch manifest @esbuild/linux-mips64el@0.25.5
159 silly packumentCache full:https://registry.npmjs.org/@esbuild%2flinux-mips64el cache-miss
160 http fetch GET 200 https://registry.npmjs.org/@esbuild%2fdarwin-x64 97ms (cache miss)
161 silly packumentCache full:https://registry.npmjs.org/@esbuild%2fdarwin-x64 set size:undefined disposed:false
162 silly fetch manifest @esbuild/linux-ppc64@0.25.5
163 silly packumentCache full:https://registry.npmjs.org/@esbuild%2flinux-ppc64 cache-miss
164 http fetch GET 200 https://registry.npmjs.org/@esbuild%2ffreebsd-x64 58ms (cache miss)
165 silly packumentCache full:https://registry.npmjs.org/@esbuild%2ffreebsd-x64 set size:undefined disposed:false
166 silly fetch manifest @esbuild/linux-riscv64@0.25.5
167 silly packumentCache full:https://registry.npmjs.org/@esbuild%2flinux-riscv64 cache-miss
168 http fetch GET 200 https://registry.npmjs.org/@esbuild%2flinux-arm64 57ms (cache miss)
169 silly packumentCache full:https://registry.npmjs.org/@esbuild%2flinux-arm64 set size:undefined disposed:false
170 silly fetch manifest @esbuild/linux-s390x@0.25.5
171 silly packumentCache full:https://registry.npmjs.org/@esbuild%2flinux-s390x cache-miss
172 http fetch GET 200 https://registry.npmjs.org/@esbuild%2flinux-arm 69ms (cache miss)
173 silly packumentCache full:https://registry.npmjs.org/@esbuild%2flinux-arm set size:undefined disposed:false
174 silly fetch manifest @esbuild/linux-x64@0.25.5
175 silly packumentCache full:https://registry.npmjs.org/@esbuild%2flinux-x64 cache-miss
176 http fetch GET 200 https://registry.npmjs.org/@esbuild%2flinux-ia32 67ms (cache miss)
177 silly packumentCache full:https://registry.npmjs.org/@esbuild%2flinux-ia32 set size:undefined disposed:false
178 silly fetch manifest @esbuild/netbsd-arm64@0.25.5
179 silly packumentCache full:https://registry.npmjs.org/@esbuild%2fnetbsd-arm64 cache-miss
180 http fetch GET 200 https://registry.npmjs.org/@esbuild%2flinux-loong64 72ms (cache miss)
181 silly packumentCache full:https://registry.npmjs.org/@esbuild%2flinux-loong64 set size:undefined disposed:false
182 silly fetch manifest @esbuild/netbsd-x64@0.25.5
183 silly packumentCache full:https://registry.npmjs.org/@esbuild%2fnetbsd-x64 cache-miss
184 http fetch GET 200 https://registry.npmjs.org/@esbuild%2flinux-mips64el 79ms (cache miss)
185 silly packumentCache full:https://registry.npmjs.org/@esbuild%2flinux-mips64el set size:undefined disposed:false
186 silly fetch manifest @esbuild/openbsd-arm64@0.25.5
187 silly packumentCache full:https://registry.npmjs.org/@esbuild%2fopenbsd-arm64 cache-miss
188 http fetch GET 200 https://registry.npmjs.org/@esbuild%2flinux-ppc64 73ms (cache miss)
189 silly packumentCache full:https://registry.npmjs.org/@esbuild%2flinux-ppc64 set size:undefined disposed:false
190 silly fetch manifest @esbuild/openbsd-x64@0.25.5
191 silly packumentCache full:https://registry.npmjs.org/@esbuild%2fopenbsd-x64 cache-miss
192 http fetch GET 200 https://registry.npmjs.org/@esbuild%2fnetbsd-arm64 89ms (cache miss)
193 silly packumentCache full:https://registry.npmjs.org/@esbuild%2fnetbsd-arm64 set size:undefined disposed:false
194 silly fetch manifest @esbuild/sunos-x64@0.25.5
195 silly packumentCache full:https://registry.npmjs.org/@esbuild%2fsunos-x64 cache-miss
196 http fetch GET 200 https://registry.npmjs.org/@esbuild%2flinux-riscv64 121ms (cache miss)
197 silly packumentCache full:https://registry.npmjs.org/@esbuild%2flinux-riscv64 set size:undefined disposed:false
198 silly fetch manifest @esbuild/win32-arm64@0.25.5
199 silly packumentCache full:https://registry.npmjs.org/@esbuild%2fwin32-arm64 cache-miss
200 http fetch GET 200 https://registry.npmjs.org/@esbuild%2flinux-s390x 111ms (cache miss)
201 silly packumentCache full:https://registry.npmjs.org/@esbuild%2flinux-s390x set size:undefined disposed:false
202 silly fetch manifest @esbuild/win32-ia32@0.25.5
203 silly packumentCache full:https://registry.npmjs.org/@esbuild%2fwin32-ia32 cache-miss
204 http fetch GET 200 https://registry.npmjs.org/@esbuild%2flinux-x64 104ms (cache miss)
205 silly packumentCache full:https://registry.npmjs.org/@esbuild%2flinux-x64 set size:undefined disposed:false
206 silly fetch manifest @esbuild/win32-x64@0.25.5
207 silly packumentCache full:https://registry.npmjs.org/@esbuild%2fwin32-x64 cache-miss
208 http fetch GET 200 https://registry.npmjs.org/@esbuild%2fnetbsd-x64 93ms (cache miss)
209 silly packumentCache full:https://registry.npmjs.org/@esbuild%2fnetbsd-x64 set size:undefined disposed:false
210 silly fetch manifest nanoid@^3.3.11
211 silly packumentCache full:https://registry.npmjs.org/nanoid cache-miss
212 http fetch GET 200 https://registry.npmjs.org/@esbuild%2fopenbsd-arm64 87ms (cache miss)
213 silly packumentCache full:https://registry.npmjs.org/@esbuild%2fopenbsd-arm64 set size:undefined disposed:false
214 silly fetch manifest picocolors@^1.1.1
215 silly packumentCache full:https://registry.npmjs.org/picocolors cache-miss
216 http fetch GET 200 https://registry.npmjs.org/@esbuild%2fopenbsd-x64 90ms (cache miss)
217 silly packumentCache full:https://registry.npmjs.org/@esbuild%2fopenbsd-x64 set size:undefined disposed:false
218 silly fetch manifest source-map-js@^1.2.1
219 silly packumentCache full:https://registry.npmjs.org/source-map-js cache-miss
220 http fetch GET 200 https://registry.npmjs.org/@esbuild%2fsunos-x64 61ms (cache miss)
221 silly packumentCache full:https://registry.npmjs.org/@esbuild%2fsunos-x64 set size:undefined disposed:false
222 silly fetch manifest @types/estree@1.0.8
223 silly packumentCache full:https://registry.npmjs.org/@types%2festree cache-miss
224 http fetch GET 200 https://registry.npmjs.org/@esbuild%2fwin32-arm64 63ms (cache miss)
225 silly packumentCache full:https://registry.npmjs.org/@esbuild%2fwin32-arm64 set size:undefined disposed:false
226 silly fetch manifest @rollup/rollup-darwin-arm64@4.44.1
227 silly packumentCache full:https://registry.npmjs.org/@rollup%2frollup-darwin-arm64 cache-miss
228 http fetch GET 200 https://registry.npmjs.org/picocolors 60ms (cache miss)
229 silly packumentCache full:https://registry.npmjs.org/picocolors set size:undefined disposed:false
230 silly fetch manifest @rollup/rollup-android-arm64@4.44.1
231 silly packumentCache full:https://registry.npmjs.org/@rollup%2frollup-android-arm64 cache-miss
232 http fetch GET 200 https://registry.npmjs.org/nanoid 65ms (cache miss)
233 silly packumentCache full:https://registry.npmjs.org/nanoid set size:undefined disposed:false
234 silly fetch manifest @rollup/rollup-win32-arm64-msvc@4.44.1
235 silly packumentCache full:https://registry.npmjs.org/@rollup%2frollup-win32-arm64-msvc cache-miss
236 http fetch GET 200 https://registry.npmjs.org/@esbuild%2fwin32-x64 79ms (cache miss)
237 silly packumentCache full:https://registry.npmjs.org/@esbuild%2fwin32-x64 set size:undefined disposed:false
238 silly fetch manifest @rollup/rollup-freebsd-arm64@4.44.1
239 silly packumentCache full:https://registry.npmjs.org/@rollup%2frollup-freebsd-arm64 cache-miss
240 http fetch GET 200 https://registry.npmjs.org/source-map-js 65ms (cache miss)
241 silly packumentCache full:https://registry.npmjs.org/source-map-js set size:undefined disposed:false
242 silly fetch manifest @rollup/rollup-linux-arm64-gnu@4.44.1
243 silly packumentCache full:https://registry.npmjs.org/@rollup%2frollup-linux-arm64-gnu cache-miss
244 http fetch GET 200 https://registry.npmjs.org/@esbuild%2fwin32-ia32 84ms (cache miss)
245 silly packumentCache full:https://registry.npmjs.org/@esbuild%2fwin32-ia32 set size:undefined disposed:false
246 silly fetch manifest @rollup/rollup-linux-arm64-musl@4.44.1
247 silly packumentCache full:https://registry.npmjs.org/@rollup%2frollup-linux-arm64-musl cache-miss
248 http fetch GET 200 https://registry.npmjs.org/@types%2festree 49ms (cache miss)
249 silly packumentCache full:https://registry.npmjs.org/@types%2festree set size:undefined disposed:false
250 silly fetch manifest @rollup/rollup-android-arm-eabi@4.44.1
251 silly packumentCache full:https://registry.npmjs.org/@rollup%2frollup-android-arm-eabi cache-miss
252 http fetch GET 200 https://registry.npmjs.org/@rollup%2frollup-darwin-arm64 60ms (cache miss)
253 silly packumentCache full:https://registry.npmjs.org/@rollup%2frollup-darwin-arm64 set size:undefined disposed:false
254 silly fetch manifest @rollup/rollup-linux-arm-gnueabihf@4.44.1
255 silly packumentCache full:https://registry.npmjs.org/@rollup%2frollup-linux-arm-gnueabihf cache-miss
256 http fetch GET 200 https://registry.npmjs.org/@rollup%2frollup-linux-arm64-gnu 69ms (cache miss)
257 silly packumentCache full:https://registry.npmjs.org/@rollup%2frollup-linux-arm64-gnu set size:undefined disposed:false
258 silly fetch manifest @rollup/rollup-linux-arm-musleabihf@4.44.1
259 silly packumentCache full:https://registry.npmjs.org/@rollup%2frollup-linux-arm-musleabihf cache-miss
260 http fetch GET 200 https://registry.npmjs.org/@rollup%2frollup-freebsd-arm64 83ms (cache miss)
261 silly packumentCache full:https://registry.npmjs.org/@rollup%2frollup-freebsd-arm64 set size:undefined disposed:false
262 silly fetch manifest @rollup/rollup-win32-ia32-msvc@4.44.1
263 silly packumentCache full:https://registry.npmjs.org/@rollup%2frollup-win32-ia32-msvc cache-miss
264 http fetch GET 200 https://registry.npmjs.org/@rollup%2frollup-win32-arm64-msvc 95ms (cache miss)
265 silly packumentCache full:https://registry.npmjs.org/@rollup%2frollup-win32-arm64-msvc set size:undefined disposed:false
266 silly fetch manifest @rollup/rollup-linux-loongarch64-gnu@4.44.1
267 silly packumentCache full:https://registry.npmjs.org/@rollup%2frollup-linux-loongarch64-gnu cache-miss
268 http fetch GET 200 https://registry.npmjs.org/@rollup%2frollup-android-arm64 104ms (cache miss)
269 silly packumentCache full:https://registry.npmjs.org/@rollup%2frollup-android-arm64 set size:undefined disposed:false
270 silly fetch manifest @rollup/rollup-linux-riscv64-gnu@4.44.1
271 silly packumentCache full:https://registry.npmjs.org/@rollup%2frollup-linux-riscv64-gnu cache-miss
272 http fetch GET 200 https://registry.npmjs.org/@rollup%2frollup-linux-arm64-musl 98ms (cache miss)
273 silly packumentCache full:https://registry.npmjs.org/@rollup%2frollup-linux-arm64-musl set size:undefined disposed:false
274 silly fetch manifest @rollup/rollup-linux-riscv64-musl@4.44.1
275 silly packumentCache full:https://registry.npmjs.org/@rollup%2frollup-linux-riscv64-musl cache-miss
276 http fetch GET 200 https://registry.npmjs.org/@rollup%2frollup-android-arm-eabi 97ms (cache miss)
277 silly packumentCache full:https://registry.npmjs.org/@rollup%2frollup-android-arm-eabi set size:undefined disposed:false
278 silly fetch manifest @rollup/rollup-linux-powerpc64le-gnu@4.44.1
279 silly packumentCache full:https://registry.npmjs.org/@rollup%2frollup-linux-powerpc64le-gnu cache-miss
280 http fetch GET 200 https://registry.npmjs.org/@rollup%2frollup-linux-arm-gnueabihf 111ms (cache miss)
281 silly packumentCache full:https://registry.npmjs.org/@rollup%2frollup-linux-arm-gnueabihf set size:undefined disposed:false
282 silly fetch manifest @rollup/rollup-linux-s390x-gnu@4.44.1
283 silly packumentCache full:https://registry.npmjs.org/@rollup%2frollup-linux-s390x-gnu cache-miss
284 http fetch GET 200 https://registry.npmjs.org/@rollup%2frollup-linux-arm-musleabihf 83ms (cache miss)
285 silly packumentCache full:https://registry.npmjs.org/@rollup%2frollup-linux-arm-musleabihf set size:undefined disposed:false
286 silly fetch manifest @rollup/rollup-darwin-x64@4.44.1
287 silly packumentCache full:https://registry.npmjs.org/@rollup%2frollup-darwin-x64 cache-miss
288 http fetch GET 200 https://registry.npmjs.org/@rollup%2frollup-win32-ia32-msvc 78ms (cache miss)
289 silly packumentCache full:https://registry.npmjs.org/@rollup%2frollup-win32-ia32-msvc set size:undefined disposed:false
290 silly fetch manifest @rollup/rollup-win32-x64-msvc@4.44.1
291 silly packumentCache full:https://registry.npmjs.org/@rollup%2frollup-win32-x64-msvc cache-miss
292 http fetch GET 200 https://registry.npmjs.org/@rollup%2frollup-linux-riscv64-gnu 81ms (cache miss)
293 silly packumentCache full:https://registry.npmjs.org/@rollup%2frollup-linux-riscv64-gnu set size:undefined disposed:false
294 silly fetch manifest @rollup/rollup-freebsd-x64@4.44.1
295 silly packumentCache full:https://registry.npmjs.org/@rollup%2frollup-freebsd-x64 cache-miss
296 http fetch GET 200 https://registry.npmjs.org/@rollup%2frollup-linux-loongarch64-gnu 90ms (cache miss)
297 silly packumentCache full:https://registry.npmjs.org/@rollup%2frollup-linux-loongarch64-gnu set size:undefined disposed:false
298 silly fetch manifest @rollup/rollup-linux-x64-gnu@4.44.1
299 silly packumentCache full:https://registry.npmjs.org/@rollup%2frollup-linux-x64-gnu cache-miss
300 http fetch GET 200 https://registry.npmjs.org/@rollup%2frollup-linux-riscv64-musl 79ms (cache miss)
301 silly packumentCache full:https://registry.npmjs.org/@rollup%2frollup-linux-riscv64-musl set size:undefined disposed:false
302 silly fetch manifest @rollup/rollup-linux-x64-musl@4.44.1
303 silly packumentCache full:https://registry.npmjs.org/@rollup%2frollup-linux-x64-musl cache-miss
304 http fetch GET 200 https://registry.npmjs.org/@rollup%2frollup-linux-powerpc64le-gnu 62ms (cache miss)
305 silly packumentCache full:https://registry.npmjs.org/@rollup%2frollup-linux-powerpc64le-gnu set size:undefined disposed:false
306 http fetch GET 200 https://registry.npmjs.org/@rollup%2frollup-linux-s390x-gnu 61ms (cache miss)
307 silly packumentCache full:https://registry.npmjs.org/@rollup%2frollup-linux-s390x-gnu set size:undefined disposed:false
308 http fetch GET 200 https://registry.npmjs.org/@rollup%2frollup-darwin-x64 60ms (cache miss)
309 silly packumentCache full:https://registry.npmjs.org/@rollup%2frollup-darwin-x64 set size:undefined disposed:false
310 http fetch GET 200 https://registry.npmjs.org/@rollup%2frollup-win32-x64-msvc 61ms (cache miss)
311 silly packumentCache full:https://registry.npmjs.org/@rollup%2frollup-win32-x64-msvc set size:undefined disposed:false
312 http fetch GET 200 https://registry.npmjs.org/@rollup%2frollup-freebsd-x64 61ms (cache miss)
313 silly packumentCache full:https://registry.npmjs.org/@rollup%2frollup-freebsd-x64 set size:undefined disposed:false
314 http fetch GET 200 https://registry.npmjs.org/@rollup%2frollup-linux-x64-musl 67ms (cache miss)
315 silly packumentCache full:https://registry.npmjs.org/@rollup%2frollup-linux-x64-musl set size:undefined disposed:false
316 http fetch GET 200 https://registry.npmjs.org/@rollup%2frollup-linux-x64-gnu 84ms (cache miss)
317 silly packumentCache full:https://registry.npmjs.org/@rollup%2frollup-linux-x64-gnu set size:undefined disposed:false
318 silly placeDep ROOT @esbuild/aix-ppc64@0.25.5 OK for: esbuild@0.25.5 want: 0.25.5
319 silly placeDep ROOT @esbuild/android-arm@0.25.5 OK for: esbuild@0.25.5 want: 0.25.5
320 silly placeDep ROOT @esbuild/android-arm64@0.25.5 OK for: esbuild@0.25.5 want: 0.25.5
321 silly placeDep ROOT @esbuild/android-x64@0.25.5 OK for: esbuild@0.25.5 want: 0.25.5
322 silly placeDep ROOT @esbuild/darwin-arm64@0.25.5 OK for: esbuild@0.25.5 want: 0.25.5
323 silly placeDep ROOT @esbuild/darwin-x64@0.25.5 OK for: esbuild@0.25.5 want: 0.25.5
324 silly placeDep ROOT @esbuild/freebsd-arm64@0.25.5 OK for: esbuild@0.25.5 want: 0.25.5
325 silly placeDep ROOT @esbuild/freebsd-x64@0.25.5 OK for: esbuild@0.25.5 want: 0.25.5
326 silly placeDep ROOT @esbuild/linux-arm@0.25.5 OK for: esbuild@0.25.5 want: 0.25.5
327 silly placeDep ROOT @esbuild/linux-arm64@0.25.5 OK for: esbuild@0.25.5 want: 0.25.5
328 silly placeDep ROOT @esbuild/linux-ia32@0.25.5 OK for: esbuild@0.25.5 want: 0.25.5
329 silly placeDep ROOT @esbuild/linux-loong64@0.25.5 OK for: esbuild@0.25.5 want: 0.25.5
330 silly placeDep ROOT @esbuild/linux-mips64el@0.25.5 OK for: esbuild@0.25.5 want: 0.25.5
331 silly placeDep ROOT @esbuild/linux-ppc64@0.25.5 OK for: esbuild@0.25.5 want: 0.25.5
332 silly placeDep ROOT @esbuild/linux-riscv64@0.25.5 OK for: esbuild@0.25.5 want: 0.25.5
333 silly placeDep ROOT @esbuild/linux-s390x@0.25.5 OK for: esbuild@0.25.5 want: 0.25.5
334 silly placeDep ROOT @esbuild/linux-x64@0.25.5 OK for: esbuild@0.25.5 want: 0.25.5
335 silly placeDep ROOT @esbuild/netbsd-arm64@0.25.5 OK for: esbuild@0.25.5 want: 0.25.5
336 silly placeDep ROOT @esbuild/netbsd-x64@0.25.5 OK for: esbuild@0.25.5 want: 0.25.5
337 silly placeDep ROOT @esbuild/openbsd-arm64@0.25.5 OK for: esbuild@0.25.5 want: 0.25.5
338 silly placeDep ROOT @esbuild/openbsd-x64@0.25.5 OK for: esbuild@0.25.5 want: 0.25.5
339 silly placeDep ROOT @esbuild/sunos-x64@0.25.5 OK for: esbuild@0.25.5 want: 0.25.5
340 silly placeDep ROOT @esbuild/win32-arm64@0.25.5 OK for: esbuild@0.25.5 want: 0.25.5
341 silly placeDep ROOT @esbuild/win32-ia32@0.25.5 OK for: esbuild@0.25.5 want: 0.25.5
342 silly placeDep ROOT @esbuild/win32-x64@0.25.5 OK for: esbuild@0.25.5 want: 0.25.5
343 silly placeDep ROOT nanoid@3.3.11 OK for: postcss@8.5.6 want: ^3.3.11
344 silly placeDep ROOT picocolors@1.1.1 OK for: postcss@8.5.6 want: ^1.1.1
345 silly placeDep ROOT source-map-js@1.2.1 OK for: postcss@8.5.6 want: ^1.2.1
346 silly placeDep ROOT @rollup/rollup-android-arm-eabi@4.44.1 OK for: rollup@4.44.1 want: 4.44.1
347 silly placeDep ROOT @rollup/rollup-android-arm64@4.44.1 OK for: rollup@4.44.1 want: 4.44.1
348 silly placeDep ROOT @rollup/rollup-darwin-arm64@4.44.1 OK for: rollup@4.44.1 want: 4.44.1
349 silly placeDep ROOT @rollup/rollup-darwin-x64@4.44.1 OK for: rollup@4.44.1 want: 4.44.1
350 silly placeDep ROOT @rollup/rollup-freebsd-arm64@4.44.1 OK for: rollup@4.44.1 want: 4.44.1
351 silly placeDep ROOT @rollup/rollup-freebsd-x64@4.44.1 OK for: rollup@4.44.1 want: 4.44.1
352 silly placeDep ROOT @rollup/rollup-linux-arm-gnueabihf@4.44.1 OK for: rollup@4.44.1 want: 4.44.1
353 silly placeDep ROOT @rollup/rollup-linux-arm-musleabihf@4.44.1 OK for: rollup@4.44.1 want: 4.44.1
354 silly placeDep ROOT @rollup/rollup-linux-arm64-gnu@4.44.1 OK for: rollup@4.44.1 want: 4.44.1
355 silly placeDep ROOT @rollup/rollup-linux-arm64-musl@4.44.1 OK for: rollup@4.44.1 want: 4.44.1
356 silly placeDep ROOT @rollup/rollup-linux-loongarch64-gnu@4.44.1 OK for: rollup@4.44.1 want: 4.44.1
357 silly placeDep ROOT @rollup/rollup-linux-powerpc64le-gnu@4.44.1 OK for: rollup@4.44.1 want: 4.44.1
358 silly placeDep ROOT @rollup/rollup-linux-riscv64-gnu@4.44.1 OK for: rollup@4.44.1 want: 4.44.1
359 silly placeDep ROOT @rollup/rollup-linux-riscv64-musl@4.44.1 OK for: rollup@4.44.1 want: 4.44.1
360 silly placeDep ROOT @rollup/rollup-linux-s390x-gnu@4.44.1 OK for: rollup@4.44.1 want: 4.44.1
361 silly placeDep ROOT @rollup/rollup-linux-x64-gnu@4.44.1 OK for: rollup@4.44.1 want: 4.44.1
362 silly placeDep ROOT @rollup/rollup-linux-x64-musl@4.44.1 OK for: rollup@4.44.1 want: 4.44.1
363 silly placeDep ROOT @rollup/rollup-win32-arm64-msvc@4.44.1 OK for: rollup@4.44.1 want: 4.44.1
364 silly placeDep ROOT @rollup/rollup-win32-ia32-msvc@4.44.1 OK for: rollup@4.44.1 want: 4.44.1
365 silly placeDep ROOT @rollup/rollup-win32-x64-msvc@4.44.1 OK for: rollup@4.44.1 want: 4.44.1
366 silly placeDep ROOT @types/estree@1.0.8 OK for: rollup@4.44.1 want: 1.0.8
367 silly reify moves {}
368 silly audit bulk request {
368 silly audit   react: [ '19.1.0' ],
368 silly audit   'react-dom': [ '19.1.0' ],
368 silly audit   typescript: [ '5.8.3' ],
368 silly audit   vite: [ '7.0.1' ],
368 silly audit   scheduler: [ '0.26.0' ],
368 silly audit   esbuild: [ '0.25.5' ],
368 silly audit   fdir: [ '6.4.6' ],
368 silly audit   fsevents: [ '2.3.3' ],
368 silly audit   picomatch: [ '4.0.2' ],
368 silly audit   postcss: [ '8.5.6' ],
368 silly audit   rollup: [ '4.44.1' ],
368 silly audit   tinyglobby: [ '0.2.14' ],
368 silly audit   '@esbuild/aix-ppc64': [ '0.25.5' ],
368 silly audit   '@esbuild/android-arm': [ '0.25.5' ],
368 silly audit   '@esbuild/android-arm64': [ '0.25.5' ],
368 silly audit   '@esbuild/android-x64': [ '0.25.5' ],
368 silly audit   '@esbuild/darwin-arm64': [ '0.25.5' ],
368 silly audit   '@esbuild/darwin-x64': [ '0.25.5' ],
368 silly audit   '@esbuild/freebsd-arm64': [ '0.25.5' ],
368 silly audit   '@esbuild/freebsd-x64': [ '0.25.5' ],
368 silly audit   '@esbuild/linux-arm': [ '0.25.5' ],
368 silly audit   '@esbuild/linux-arm64': [ '0.25.5' ],
368 silly audit   '@esbuild/linux-ia32': [ '0.25.5' ],
368 silly audit   '@esbuild/linux-loong64': [ '0.25.5' ],
368 silly audit   '@esbuild/linux-mips64el': [ '0.25.5' ],
368 silly audit   '@esbuild/linux-ppc64': [ '0.25.5' ],
368 silly audit   '@esbuild/linux-riscv64': [ '0.25.5' ],
368 silly audit   '@esbuild/linux-s390x': [ '0.25.5' ],
368 silly audit   '@esbuild/linux-x64': [ '0.25.5' ],
368 silly audit   '@esbuild/netbsd-arm64': [ '0.25.5' ],
368 silly audit   '@esbuild/netbsd-x64': [ '0.25.5' ],
368 silly audit   '@esbuild/openbsd-arm64': [ '0.25.5' ],
368 silly audit   '@esbuild/openbsd-x64': [ '0.25.5' ],
368 silly audit   '@esbuild/sunos-x64': [ '0.25.5' ],
368 silly audit   '@esbuild/win32-arm64': [ '0.25.5' ],
368 silly audit   '@esbuild/win32-ia32': [ '0.25.5' ],
368 silly audit   '@esbuild/win32-x64': [ '0.25.5' ],
368 silly audit   nanoid: [ '3.3.11' ],
368 silly audit   picocolors: [ '1.1.1' ],
368 silly audit   'source-map-js': [ '1.2.1' ],
368 silly audit   '@rollup/rollup-android-arm-eabi': [ '4.44.1' ],
368 silly audit   '@rollup/rollup-android-arm64': [ '4.44.1' ],
368 silly audit   '@rollup/rollup-darwin-arm64': [ '4.44.1' ],
368 silly audit   '@rollup/rollup-darwin-x64': [ '4.44.1' ],
368 silly audit   '@rollup/rollup-freebsd-arm64': [ '4.44.1' ],
368 silly audit   '@rollup/rollup-freebsd-x64': [ '4.44.1' ],
368 silly audit   '@rollup/rollup-linux-arm-gnueabihf': [ '4.44.1' ],
368 silly audit   '@rollup/rollup-linux-arm-musleabihf': [ '4.44.1' ],
368 silly audit   '@rollup/rollup-linux-arm64-gnu': [ '4.44.1' ],
368 silly audit   '@rollup/rollup-linux-arm64-musl': [ '4.44.1' ],
368 silly audit   '@rollup/rollup-linux-loongarch64-gnu': [ '4.44.1' ],
368 silly audit   '@rollup/rollup-linux-powerpc64le-gnu': [ '4.44.1' ],
368 silly audit   '@rollup/rollup-linux-riscv64-gnu': [ '4.44.1' ],
368 silly audit   '@rollup/rollup-linux-riscv64-musl': [ '4.44.1' ],
368 silly audit   '@rollup/rollup-linux-s390x-gnu': [ '4.44.1' ],
368 silly audit   '@rollup/rollup-linux-x64-gnu': [ '4.44.1' ],
368 silly audit   '@rollup/rollup-linux-x64-musl': [ '4.44.1' ],
368 silly audit   '@rollup/rollup-win32-arm64-msvc': [ '4.44.1' ],
368 silly audit   '@rollup/rollup-win32-ia32-msvc': [ '4.44.1' ],
368 silly audit   '@rollup/rollup-win32-x64-msvc': [ '4.44.1' ],
368 silly audit   '@types/estree': [ '1.0.8' ]
368 silly audit }
369 verbose reify failed optional dependency C:\Users\paradise\OneDrive\Desktop\ts-pokedex-master\node_modules\@rollup\rollup-win32-ia32-msvc
370 silly reify mark deleted [
370 silly reify   'C:\\Users\\paradise\\OneDrive\\Desktop\\ts-pokedex-master\\node_modules\\@rollup\\rollup-win32-ia32-msvc'
370 silly reify ]
371 verbose reify failed optional dependency C:\Users\paradise\OneDrive\Desktop\ts-pokedex-master\node_modules\@rollup\rollup-win32-arm64-msvc
372 silly reify mark deleted [
372 silly reify   'C:\\Users\\paradise\\OneDrive\\Desktop\\ts-pokedex-master\\node_modules\\@rollup\\rollup-win32-arm64-msvc'
372 silly reify ]
373 verbose reify failed optional dependency C:\Users\paradise\OneDrive\Desktop\ts-pokedex-master\node_modules\@rollup\rollup-linux-x64-musl
374 silly reify mark deleted [
374 silly reify   'C:\\Users\\paradise\\OneDrive\\Desktop\\ts-pokedex-master\\node_modules\\@rollup\\rollup-linux-x64-musl'
374 silly reify ]
375 verbose reify failed optional dependency C:\Users\paradise\OneDrive\Desktop\ts-pokedex-master\node_modules\@rollup\rollup-linux-x64-gnu
376 silly reify mark deleted [
376 silly reify   'C:\\Users\\paradise\\OneDrive\\Desktop\\ts-pokedex-master\\node_modules\\@rollup\\rollup-linux-x64-gnu'
376 silly reify ]
377 verbose reify failed optional dependency C:\Users\paradise\OneDrive\Desktop\ts-pokedex-master\node_modules\@rollup\rollup-linux-s390x-gnu
378 silly reify mark deleted [
378 silly reify   'C:\\Users\\paradise\\OneDrive\\Desktop\\ts-pokedex-master\\node_modules\\@rollup\\rollup-linux-s390x-gnu'
378 silly reify ]
379 verbose reify failed optional dependency C:\Users\paradise\OneDrive\Desktop\ts-pokedex-master\node_modules\@rollup\rollup-linux-riscv64-musl
380 silly reify mark deleted [
380 silly reify   'C:\\Users\\paradise\\OneDrive\\Desktop\\ts-pokedex-master\\node_modules\\@rollup\\rollup-linux-riscv64-musl'
380 silly reify ]
381 verbose reify failed optional dependency C:\Users\paradise\OneDrive\Desktop\ts-pokedex-master\node_modules\@rollup\rollup-linux-riscv64-gnu
382 silly reify mark deleted [
382 silly reify   'C:\\Users\\paradise\\OneDrive\\Desktop\\ts-pokedex-master\\node_modules\\@rollup\\rollup-linux-riscv64-gnu'
382 silly reify ]
383 verbose reify failed optional dependency C:\Users\paradise\OneDrive\Desktop\ts-pokedex-master\node_modules\@rollup\rollup-linux-powerpc64le-gnu
384 silly reify mark deleted [
384 silly reify   'C:\\Users\\paradise\\OneDrive\\Desktop\\ts-pokedex-master\\node_modules\\@rollup\\rollup-linux-powerpc64le-gnu'
384 silly reify ]
385 verbose reify failed optional dependency C:\Users\paradise\OneDrive\Desktop\ts-pokedex-master\node_modules\@rollup\rollup-linux-loongarch64-gnu
386 silly reify mark deleted [
386 silly reify   'C:\\Users\\paradise\\OneDrive\\Desktop\\ts-pokedex-master\\node_modules\\@rollup\\rollup-linux-loongarch64-gnu'
386 silly reify ]
387 verbose reify failed optional dependency C:\Users\paradise\OneDrive\Desktop\ts-pokedex-master\node_modules\@rollup\rollup-linux-arm64-musl
388 silly reify mark deleted [
388 silly reify   'C:\\Users\\paradise\\OneDrive\\Desktop\\ts-pokedex-master\\node_modules\\@rollup\\rollup-linux-arm64-musl'
388 silly reify ]
389 verbose reify failed optional dependency C:\Users\paradise\OneDrive\Desktop\ts-pokedex-master\node_modules\@rollup\rollup-linux-arm64-gnu
390 silly reify mark deleted [
390 silly reify   'C:\\Users\\paradise\\OneDrive\\Desktop\\ts-pokedex-master\\node_modules\\@rollup\\rollup-linux-arm64-gnu'
390 silly reify ]
391 verbose reify failed optional dependency C:\Users\paradise\OneDrive\Desktop\ts-pokedex-master\node_modules\@rollup\rollup-linux-arm-musleabihf
392 silly reify mark deleted [
392 silly reify   'C:\\Users\\paradise\\OneDrive\\Desktop\\ts-pokedex-master\\node_modules\\@rollup\\rollup-linux-arm-musleabihf'
392 silly reify ]
393 verbose reify failed optional dependency C:\Users\paradise\OneDrive\Desktop\ts-pokedex-master\node_modules\@rollup\rollup-linux-arm-gnueabihf
394 silly reify mark deleted [
394 silly reify   'C:\\Users\\paradise\\OneDrive\\Desktop\\ts-pokedex-master\\node_modules\\@rollup\\rollup-linux-arm-gnueabihf'
394 silly reify ]
395 verbose reify failed optional dependency C:\Users\paradise\OneDrive\Desktop\ts-pokedex-master\node_modules\@rollup\rollup-freebsd-x64
396 silly reify mark deleted [
396 silly reify   'C:\\Users\\paradise\\OneDrive\\Desktop\\ts-pokedex-master\\node_modules\\@rollup\\rollup-freebsd-x64'
396 silly reify ]
397 verbose reify failed optional dependency C:\Users\paradise\OneDrive\Desktop\ts-pokedex-master\node_modules\@rollup\rollup-freebsd-arm64
398 silly reify mark deleted [
398 silly reify   'C:\\Users\\paradise\\OneDrive\\Desktop\\ts-pokedex-master\\node_modules\\@rollup\\rollup-freebsd-arm64'
398 silly reify ]
399 verbose reify failed optional dependency C:\Users\paradise\OneDrive\Desktop\ts-pokedex-master\node_modules\@rollup\rollup-darwin-x64
400 silly reify mark deleted [
400 silly reify   'C:\\Users\\paradise\\OneDrive\\Desktop\\ts-pokedex-master\\node_modules\\@rollup\\rollup-darwin-x64'
400 silly reify ]
401 verbose reify failed optional dependency C:\Users\paradise\OneDrive\Desktop\ts-pokedex-master\node_modules\@rollup\rollup-darwin-arm64
402 silly reify mark deleted [
402 silly reify   'C:\\Users\\paradise\\OneDrive\\Desktop\\ts-pokedex-master\\node_modules\\@rollup\\rollup-darwin-arm64'
402 silly reify ]
403 verbose reify failed optional dependency C:\Users\paradise\OneDrive\Desktop\ts-pokedex-master\node_modules\@rollup\rollup-android-arm64
404 silly reify mark deleted [
404 silly reify   'C:\\Users\\paradise\\OneDrive\\Desktop\\ts-pokedex-master\\node_modules\\@rollup\\rollup-android-arm64'
404 silly reify ]
405 verbose reify failed optional dependency C:\Users\paradise\OneDrive\Desktop\ts-pokedex-master\node_modules\@rollup\rollup-android-arm-eabi
406 silly reify mark deleted [
406 silly reify   'C:\\Users\\paradise\\OneDrive\\Desktop\\ts-pokedex-master\\node_modules\\@rollup\\rollup-android-arm-eabi'
406 silly reify ]
407 verbose reify failed optional dependency C:\Users\paradise\OneDrive\Desktop\ts-pokedex-master\node_modules\@esbuild\win32-ia32
408 silly reify mark deleted [
408 silly reify   'C:\\Users\\paradise\\OneDrive\\Desktop\\ts-pokedex-master\\node_modules\\@esbuild\\win32-ia32'
408 silly reify ]
409 verbose reify failed optional dependency C:\Users\paradise\OneDrive\Desktop\ts-pokedex-master\node_modules\@esbuild\win32-arm64
410 silly reify mark deleted [
410 silly reify   'C:\\Users\\paradise\\OneDrive\\Desktop\\ts-pokedex-master\\node_modules\\@esbuild\\win32-arm64'
410 silly reify ]
411 verbose reify failed optional dependency C:\Users\paradise\OneDrive\Desktop\ts-pokedex-master\node_modules\@esbuild\sunos-x64
412 silly reify mark deleted [
412 silly reify   'C:\\Users\\paradise\\OneDrive\\Desktop\\ts-pokedex-master\\node_modules\\@esbuild\\sunos-x64'
412 silly reify ]
413 verbose reify failed optional dependency C:\Users\paradise\OneDrive\Desktop\ts-pokedex-master\node_modules\@esbuild\openbsd-x64
414 silly reify mark deleted [
414 silly reify   'C:\\Users\\paradise\\OneDrive\\Desktop\\ts-pokedex-master\\node_modules\\@esbuild\\openbsd-x64'
414 silly reify ]
415 verbose reify failed optional dependency C:\Users\paradise\OneDrive\Desktop\ts-pokedex-master\node_modules\@esbuild\openbsd-arm64
416 silly reify mark deleted [
416 silly reify   'C:\\Users\\paradise\\OneDrive\\Desktop\\ts-pokedex-master\\node_modules\\@esbuild\\openbsd-arm64'
416 silly reify ]
417 verbose reify failed optional dependency C:\Users\paradise\OneDrive\Desktop\ts-pokedex-master\node_modules\@esbuild\netbsd-x64
418 silly reify mark deleted [
418 silly reify   'C:\\Users\\paradise\\OneDrive\\Desktop\\ts-pokedex-master\\node_modules\\@esbuild\\netbsd-x64'
418 silly reify ]
419 verbose reify failed optional dependency C:\Users\paradise\OneDrive\Desktop\ts-pokedex-master\node_modules\@esbuild\netbsd-arm64
420 silly reify mark deleted [
420 silly reify   'C:\\Users\\paradise\\OneDrive\\Desktop\\ts-pokedex-master\\node_modules\\@esbuild\\netbsd-arm64'
420 silly reify ]
421 verbose reify failed optional dependency C:\Users\paradise\OneDrive\Desktop\ts-pokedex-master\node_modules\@esbuild\linux-x64
422 silly reify mark deleted [
422 silly reify   'C:\\Users\\paradise\\OneDrive\\Desktop\\ts-pokedex-master\\node_modules\\@esbuild\\linux-x64'
422 silly reify ]
423 verbose reify failed optional dependency C:\Users\paradise\OneDrive\Desktop\ts-pokedex-master\node_modules\@esbuild\linux-s390x
424 silly reify mark deleted [
424 silly reify   'C:\\Users\\paradise\\OneDrive\\Desktop\\ts-pokedex-master\\node_modules\\@esbuild\\linux-s390x'
424 silly reify ]
425 verbose reify failed optional dependency C:\Users\paradise\OneDrive\Desktop\ts-pokedex-master\node_modules\@esbuild\linux-riscv64
426 silly reify mark deleted [
426 silly reify   'C:\\Users\\paradise\\OneDrive\\Desktop\\ts-pokedex-master\\node_modules\\@esbuild\\linux-riscv64'
426 silly reify ]
427 verbose reify failed optional dependency C:\Users\paradise\OneDrive\Desktop\ts-pokedex-master\node_modules\@esbuild\linux-ppc64
428 silly reify mark deleted [
428 silly reify   'C:\\Users\\paradise\\OneDrive\\Desktop\\ts-pokedex-master\\node_modules\\@esbuild\\linux-ppc64'
428 silly reify ]
429 verbose reify failed optional dependency C:\Users\paradise\OneDrive\Desktop\ts-pokedex-master\node_modules\@esbuild\linux-mips64el
430 silly reify mark deleted [
430 silly reify   'C:\\Users\\paradise\\OneDrive\\Desktop\\ts-pokedex-master\\node_modules\\@esbuild\\linux-mips64el'
430 silly reify ]
431 verbose reify failed optional dependency C:\Users\paradise\OneDrive\Desktop\ts-pokedex-master\node_modules\@esbuild\linux-loong64
432 silly reify mark deleted [
432 silly reify   'C:\\Users\\paradise\\OneDrive\\Desktop\\ts-pokedex-master\\node_modules\\@esbuild\\linux-loong64'
432 silly reify ]
433 verbose reify failed optional dependency C:\Users\paradise\OneDrive\Desktop\ts-pokedex-master\node_modules\@esbuild\linux-ia32
434 silly reify mark deleted [
434 silly reify   'C:\\Users\\paradise\\OneDrive\\Desktop\\ts-pokedex-master\\node_modules\\@esbuild\\linux-ia32'
434 silly reify ]
435 verbose reify failed optional dependency C:\Users\paradise\OneDrive\Desktop\ts-pokedex-master\node_modules\@esbuild\linux-arm64
436 silly reify mark deleted [
436 silly reify   'C:\\Users\\paradise\\OneDrive\\Desktop\\ts-pokedex-master\\node_modules\\@esbuild\\linux-arm64'
436 silly reify ]
437 verbose reify failed optional dependency C:\Users\paradise\OneDrive\Desktop\ts-pokedex-master\node_modules\@esbuild\linux-arm
438 silly reify mark deleted [
438 silly reify   'C:\\Users\\paradise\\OneDrive\\Desktop\\ts-pokedex-master\\node_modules\\@esbuild\\linux-arm'
438 silly reify ]
439 verbose reify failed optional dependency C:\Users\paradise\OneDrive\Desktop\ts-pokedex-master\node_modules\@esbuild\freebsd-x64
440 silly reify mark deleted [
440 silly reify   'C:\\Users\\paradise\\OneDrive\\Desktop\\ts-pokedex-master\\node_modules\\@esbuild\\freebsd-x64'
440 silly reify ]
441 verbose reify failed optional dependency C:\Users\paradise\OneDrive\Desktop\ts-pokedex-master\node_modules\@esbuild\freebsd-arm64
442 silly reify mark deleted [
442 silly reify   'C:\\Users\\paradise\\OneDrive\\Desktop\\ts-pokedex-master\\node_modules\\@esbuild\\freebsd-arm64'
442 silly reify ]
443 verbose reify failed optional dependency C:\Users\paradise\OneDrive\Desktop\ts-pokedex-master\node_modules\@esbuild\darwin-x64
444 silly reify mark deleted [
444 silly reify   'C:\\Users\\paradise\\OneDrive\\Desktop\\ts-pokedex-master\\node_modules\\@esbuild\\darwin-x64'
444 silly reify ]
445 verbose reify failed optional dependency C:\Users\paradise\OneDrive\Desktop\ts-pokedex-master\node_modules\@esbuild\darwin-arm64
446 silly reify mark deleted [
446 silly reify   'C:\\Users\\paradise\\OneDrive\\Desktop\\ts-pokedex-master\\node_modules\\@esbuild\\darwin-arm64'
446 silly reify ]
447 verbose reify failed optional dependency C:\Users\paradise\OneDrive\Desktop\ts-pokedex-master\node_modules\@esbuild\android-x64
448 silly reify mark deleted [
448 silly reify   'C:\\Users\\paradise\\OneDrive\\Desktop\\ts-pokedex-master\\node_modules\\@esbuild\\android-x64'
448 silly reify ]
449 verbose reify failed optional dependency C:\Users\paradise\OneDrive\Desktop\ts-pokedex-master\node_modules\@esbuild\android-arm64
450 silly reify mark deleted [
450 silly reify   'C:\\Users\\paradise\\OneDrive\\Desktop\\ts-pokedex-master\\node_modules\\@esbuild\\android-arm64'
450 silly reify ]
451 verbose reify failed optional dependency C:\Users\paradise\OneDrive\Desktop\ts-pokedex-master\node_modules\@esbuild\android-arm
452 silly reify mark deleted [
452 silly reify   'C:\\Users\\paradise\\OneDrive\\Desktop\\ts-pokedex-master\\node_modules\\@esbuild\\android-arm'
452 silly reify ]
453 verbose reify failed optional dependency C:\Users\paradise\OneDrive\Desktop\ts-pokedex-master\node_modules\@esbuild\aix-ppc64
454 silly reify mark deleted [
454 silly reify   'C:\\Users\\paradise\\OneDrive\\Desktop\\ts-pokedex-master\\node_modules\\@esbuild\\aix-ppc64'
454 silly reify ]
455 verbose reify failed optional dependency C:\Users\paradise\OneDrive\Desktop\ts-pokedex-master\node_modules\fsevents
456 silly reify mark deleted [
456 silly reify   'C:\\Users\\paradise\\OneDrive\\Desktop\\ts-pokedex-master\\node_modules\\fsevents'
456 silly reify ]
457 http cache @rollup/rollup-win32-x64-msvc@https://registry.npmjs.org/@rollup/rollup-win32-x64-msvc/-/rollup-win32-x64-msvc-4.44.1.tgz 0ms (cache hit)
458 http cache @types/estree@https://registry.npmjs.org/@types/estree/-/estree-1.0.8.tgz 0ms (cache hit)
459 http cache picocolors@https://registry.npmjs.org/picocolors/-/picocolors-1.1.1.tgz 0ms (cache hit)
460 http cache nanoid@https://registry.npmjs.org/nanoid/-/nanoid-3.3.11.tgz 0ms (cache hit)
461 http cache source-map-js@https://registry.npmjs.org/source-map-js/-/source-map-js-1.2.1.tgz 0ms (cache hit)
462 http cache @esbuild/win32-x64@https://registry.npmjs.org/@esbuild/win32-x64/-/win32-x64-0.25.5.tgz 0ms (cache hit)
463 http cache postcss@https://registry.npmjs.org/postcss/-/postcss-8.5.6.tgz 0ms (cache hit)
464 http cache tinyglobby@https://registry.npmjs.org/tinyglobby/-/tinyglobby-0.2.14.tgz 0ms (cache hit)
465 http cache picomatch@https://registry.npmjs.org/picomatch/-/picomatch-4.0.2.tgz 0ms (cache hit)
466 http cache fdir@https://registry.npmjs.org/fdir/-/fdir-6.4.6.tgz 0ms (cache hit)
467 http cache esbuild@https://registry.npmjs.org/esbuild/-/esbuild-0.25.5.tgz 0ms (cache hit)
468 http cache scheduler@https://registry.npmjs.org/scheduler/-/scheduler-0.26.0.tgz 0ms (cache hit)
469 http cache vite@https://registry.npmjs.org/vite/-/vite-7.0.1.tgz 0ms (cache hit)
470 http cache rollup@https://registry.npmjs.org/rollup/-/rollup-4.44.1.tgz 0ms (cache hit)
471 http cache typescript@https://registry.npmjs.org/typescript/-/typescript-5.8.3.tgz 0ms (cache hit)
472 silly tarball no local data for @rollup/rollup-win32-x64-msvc@https://registry.npmjs.org/@rollup/rollup-win32-x64-msvc/-/rollup-win32-x64-msvc-4.44.1.tgz. Extracting by manifest.
473 http cache react-dom@https://registry.npmjs.org/react-dom/-/react-dom-19.1.0.tgz 0ms (cache hit)
474 silly tarball no local data for @types/estree@https://registry.npmjs.org/@types/estree/-/estree-1.0.8.tgz. Extracting by manifest.
475 silly tarball no local data for picocolors@https://registry.npmjs.org/picocolors/-/picocolors-1.1.1.tgz. Extracting by manifest.
476 http cache react@https://registry.npmjs.org/react/-/react-19.1.0.tgz 0ms (cache hit)
477 silly tarball no local data for nanoid@https://registry.npmjs.org/nanoid/-/nanoid-3.3.11.tgz. Extracting by manifest.
478 silly tarball no local data for source-map-js@https://registry.npmjs.org/source-map-js/-/source-map-js-1.2.1.tgz. Extracting by manifest.
479 silly tarball no local data for @esbuild/win32-x64@https://registry.npmjs.org/@esbuild/win32-x64/-/win32-x64-0.25.5.tgz. Extracting by manifest.
480 silly tarball no local data for postcss@https://registry.npmjs.org/postcss/-/postcss-8.5.6.tgz. Extracting by manifest.
481 silly tarball no local data for tinyglobby@https://registry.npmjs.org/tinyglobby/-/tinyglobby-0.2.14.tgz. Extracting by manifest.
482 silly tarball no local data for picomatch@https://registry.npmjs.org/picomatch/-/picomatch-4.0.2.tgz. Extracting by manifest.
483 silly tarball no local data for fdir@https://registry.npmjs.org/fdir/-/fdir-6.4.6.tgz. Extracting by manifest.
484 silly tarball no local data for esbuild@https://registry.npmjs.org/esbuild/-/esbuild-0.25.5.tgz. Extracting by manifest.
485 silly tarball no local data for scheduler@https://registry.npmjs.org/scheduler/-/scheduler-0.26.0.tgz. Extracting by manifest.
486 silly tarball no local data for vite@https://registry.npmjs.org/vite/-/vite-7.0.1.tgz. Extracting by manifest.
487 silly tarball no local data for rollup@https://registry.npmjs.org/rollup/-/rollup-4.44.1.tgz. Extracting by manifest.
488 silly tarball no local data for typescript@https://registry.npmjs.org/typescript/-/typescript-5.8.3.tgz. Extracting by manifest.
489 silly tarball no local data for react-dom@https://registry.npmjs.org/react-dom/-/react-dom-19.1.0.tgz. Extracting by manifest.
490 silly tarball no local data for react@https://registry.npmjs.org/react/-/react-19.1.0.tgz. Extracting by manifest.
491 http fetch GET 200 https://registry.npmjs.org/nanoid/-/nanoid-3.3.11.tgz 206ms (cache miss)
492 http fetch GET 200 https://registry.npmjs.org/@types/estree/-/estree-1.0.8.tgz 208ms (cache miss)
493 http fetch GET 200 https://registry.npmjs.org/picocolors/-/picocolors-1.1.1.tgz 212ms (cache miss)
494 http fetch POST 200 https://registry.npmjs.org/-/npm/v1/security/advisories/bulk 296ms
495 silly audit report {}
496 http fetch GET 200 https://registry.npmjs.org/tinyglobby/-/tinyglobby-0.2.14.tgz 643ms (cache miss)
497 http fetch GET 200 https://registry.npmjs.org/source-map-js/-/source-map-js-1.2.1.tgz 702ms (cache miss)
498 http fetch GET 200 https://registry.npmjs.org/esbuild/-/esbuild-0.25.5.tgz 808ms (cache miss)
499 http fetch GET 200 https://registry.npmjs.org/scheduler/-/scheduler-0.26.0.tgz 900ms (cache miss)
500 http fetch GET 200 https://registry.npmjs.org/picomatch/-/picomatch-4.0.2.tgz 930ms (cache miss)
501 http fetch GET 200 https://registry.npmjs.org/react/-/react-19.1.0.tgz 970ms (cache miss)
502 http fetch GET 200 https://registry.npmjs.org/@rollup/rollup-win32-x64-msvc/-/rollup-win32-x64-msvc-4.44.1.tgz 1260ms (cache miss)
503 http fetch GET 200 https://registry.npmjs.org/fdir/-/fdir-6.4.6.tgz 1426ms (cache miss)
504 http fetch GET 200 https://registry.npmjs.org/rollup/-/rollup-4.44.1.tgz 1614ms (cache miss)
505 http fetch GET 200 https://registry.npmjs.org/postcss/-/postcss-8.5.6.tgz 1620ms (cache miss)
506 http fetch GET 200 https://registry.npmjs.org/vite/-/vite-7.0.1.tgz 1678ms (cache miss)
507 http fetch GET 200 https://registry.npmjs.org/@esbuild/win32-x64/-/win32-x64-0.25.5.tgz 1760ms (cache miss)
508 http fetch GET 200 https://registry.npmjs.org/react-dom/-/react-dom-19.1.0.tgz 1888ms (cache miss)
509 http fetch GET 200 https://registry.npmjs.org/typescript/-/typescript-5.8.3.tgz 2947ms (cache miss)
510 info run esbuild@0.25.5 postinstall node_modules/esbuild node install.js
511 info run esbuild@0.25.5 postinstall { code: 0, signal: null }
512 silly ADD node_modules/@types/estree
513 silly ADD node_modules/@rollup/rollup-win32-x64-msvc
514 silly ADD node_modules/@rollup/rollup-win32-ia32-msvc
515 silly ADD node_modules/@rollup/rollup-win32-arm64-msvc
516 silly ADD node_modules/@rollup/rollup-linux-x64-musl
517 silly ADD node_modules/@rollup/rollup-linux-x64-gnu
518 silly ADD node_modules/@rollup/rollup-linux-s390x-gnu
519 silly ADD node_modules/@rollup/rollup-linux-riscv64-musl
520 silly ADD node_modules/@rollup/rollup-linux-riscv64-gnu
521 silly ADD node_modules/@rollup/rollup-linux-powerpc64le-gnu
522 silly ADD node_modules/@rollup/rollup-linux-loongarch64-gnu
523 silly ADD node_modules/@rollup/rollup-linux-arm64-musl
524 silly ADD node_modules/@rollup/rollup-linux-arm64-gnu
525 silly ADD node_modules/@rollup/rollup-linux-arm-musleabihf
526 silly ADD node_modules/@rollup/rollup-linux-arm-gnueabihf
527 silly ADD node_modules/@rollup/rollup-freebsd-x64
528 silly ADD node_modules/@rollup/rollup-freebsd-arm64
529 silly ADD node_modules/@rollup/rollup-darwin-x64
530 silly ADD node_modules/@rollup/rollup-darwin-arm64
531 silly ADD node_modules/@rollup/rollup-android-arm64
532 silly ADD node_modules/@rollup/rollup-android-arm-eabi
533 silly ADD node_modules/source-map-js
534 silly ADD node_modules/picocolors
535 silly ADD node_modules/nanoid
536 silly ADD node_modules/@esbuild/win32-x64
537 silly ADD node_modules/@esbuild/win32-ia32
538 silly ADD node_modules/@esbuild/win32-arm64
539 silly ADD node_modules/@esbuild/sunos-x64
540 silly ADD node_modules/@esbuild/openbsd-x64
541 silly ADD node_modules/@esbuild/openbsd-arm64
542 silly ADD node_modules/@esbuild/netbsd-x64
543 silly ADD node_modules/@esbuild/netbsd-arm64
544 silly ADD node_modules/@esbuild/linux-x64
545 silly ADD node_modules/@esbuild/linux-s390x
546 silly ADD node_modules/@esbuild/linux-riscv64
547 silly ADD node_modules/@esbuild/linux-ppc64
548 silly ADD node_modules/@esbuild/linux-mips64el
549 silly ADD node_modules/@esbuild/linux-loong64
550 silly ADD node_modules/@esbuild/linux-ia32
551 silly ADD node_modules/@esbuild/linux-arm64
552 silly ADD node_modules/@esbuild/linux-arm
553 silly ADD node_modules/@esbuild/freebsd-x64
554 silly ADD node_modules/@esbuild/freebsd-arm64
555 silly ADD node_modules/@esbuild/darwin-x64
556 silly ADD node_modules/@esbuild/darwin-arm64
557 silly ADD node_modules/@esbuild/android-x64
558 silly ADD node_modules/@esbuild/android-arm64
559 silly ADD node_modules/@esbuild/android-arm
560 silly ADD node_modules/@esbuild/aix-ppc64
561 silly ADD node_modules/tinyglobby
562 silly ADD node_modules/rollup
563 silly ADD node_modules/postcss
564 silly ADD node_modules/picomatch
565 silly ADD node_modules/fsevents
566 silly ADD node_modules/fdir
567 silly ADD node_modules/esbuild
568 silly ADD node_modules/scheduler
569 silly ADD node_modules/vite
570 silly ADD node_modules/typescript
571 silly ADD node_modules/react-dom
572 silly ADD node_modules/react
573 verbose cwd C:\Users\paradise\OneDrive\Desktop\ts-pokedex-master
574 verbose os Windows_NT 10.0.26100
575 verbose node v22.15.0
576 verbose npm  v11.3.0
577 verbose exit 0
578 info ok
