0 verbose cli C:\Program Files\nodejs\node.exe C:\Users\paradise\AppData\Roaming\npm\node_modules\npm\bin\npm-cli.js
1 info using npm@11.3.0
2 info using node@v22.15.0
3 silly config load:file:C:\Users\paradise\AppData\Roaming\npm\node_modules\npm\npmrc
4 silly config load:file:C:\Users\paradise\OneDrive\Desktop\ts-pokedex-master\.npmrc
5 silly config load:file:C:\Users\paradise\.npmrc
6 silly config load:file:C:\Users\paradise\AppData\Roaming\npm\etc\npmrc
7 verbose title npm init
8 verbose argv "init" "--yes"
9 verbose logfile logs-max:10 dir:C:\Users\paradise\OneDrive\Desktop\ts-pokedex-master\npm-cache\_logs\2025-07-04T02_24_52_083Z-
10 verbose logfile C:\Users\paradise\OneDrive\Desktop\ts-pokedex-master\npm-cache\_logs\2025-07-04T02_24_52_083Z-debug-0.log
11 silly logfile done cleaning log files
12 silly package data {
12 silly package data   name: 'ts-pokedex-master',
12 silly package data   version: '1.0.0',
12 silly package data   description: 'typescript pokemon index tutorial',
12 silly package data   main: 'index.js',
12 silly package data   devDependencies: {},
12 silly package data   scripts: { test: 'echo "Error: no test specified" && exit 1' },
12 silly package data   keywords: [],
12 silly package data   author: '',
12 silly package data   license: 'ISC',
12 silly package data   type: 'commonjs'
12 silly package data }
13 verbose cwd C:\Users\paradise\OneDrive\Desktop\ts-pokedex-master
14 verbose os Windows_NT 10.0.26100
15 verbose node v22.15.0
16 verbose npm  v11.3.0
17 verbose exit 0
18 info ok
