0 verbose cli C:\Program Files\nodejs\node.exe C:\Users\paradise\AppData\Roaming\npm\node_modules\npm\bin\npm-cli.js
1 info using npm@11.3.0
2 info using node@v22.15.0
3 silly config load:file:C:\Users\paradise\AppData\Roaming\npm\node_modules\npm\npmrc
4 silly config load:file:C:\Users\paradise\OneDrive\Desktop\ts-pokedex-master\.npmrc
5 silly config load:file:C:\Users\paradise\.npmrc
6 silly config load:file:C:\Users\paradise\AppData\Roaming\npm\etc\npmrc
7 verbose title npm run dev
8 verbose argv "run" "dev"
9 verbose logfile logs-max:10 dir:C:\Users\paradise\OneDrive\Desktop\ts-pokedex-master\npm-cache\_logs\2025-07-04T02_22_07_209Z-
10 verbose logfile C:\Users\paradise\OneDrive\Desktop\ts-pokedex-master\npm-cache\_logs\2025-07-04T02_22_07_209Z-debug-0.log
11 silly logfile done cleaning log files
12 verbose stack Error: Could not read package.json: Error: ENOENT: no such file or directory, open 'C:\Users\paradise\OneDrive\Desktop\ts-pokedex-master\package.json'
12 verbose stack     at async open (node:internal/fs/promises:633:25)
12 verbose stack     at async readFile (node:internal/fs/promises:1237:14)
12 verbose stack     at async read (C:\Users\paradise\AppData\Roaming\npm\node_modules\npm\node_modules\@npmcli\package-json\lib\read-package.js:9:18)
12 verbose stack     at async PackageJson.load (C:\Users\paradise\AppData\Roaming\npm\node_modules\npm\node_modules\@npmcli\package-json\lib\index.js:131:31)
12 verbose stack     at async PackageJson.normalize (C:\Users\paradise\AppData\Roaming\npm\node_modules\npm\node_modules\@npmcli\package-json\lib\index.js:117:5)
12 verbose stack     at async #run (C:\Users\paradise\AppData\Roaming\npm\node_modules\npm\lib\commands\run-script.js:90:13)
12 verbose stack     at async RunScript.exec (C:\Users\paradise\AppData\Roaming\npm\node_modules\npm\lib\commands\run-script.js:44:7)
12 verbose stack     at async Npm.exec (C:\Users\paradise\AppData\Roaming\npm\node_modules\npm\lib\npm.js:208:9)
12 verbose stack     at async module.exports (C:\Users\paradise\AppData\Roaming\npm\node_modules\npm\lib\cli\entry.js:67:5)
13 error code ENOENT
14 error syscall open
15 error path C:\Users\paradise\OneDrive\Desktop\ts-pokedex-master\package.json
16 error errno -4058
17 error enoent Could not read package.json: Error: ENOENT: no such file or directory, open 'C:\Users\paradise\OneDrive\Desktop\ts-pokedex-master\package.json'
18 error enoent This is related to npm not being able to find a file.
18 error enoent
19 verbose cwd C:\Users\paradise\OneDrive\Desktop\ts-pokedex-master
20 verbose os Windows_NT 10.0.26100
21 verbose node v22.15.0
22 verbose npm  v11.3.0
23 verbose exit -4058
24 verbose code -4058
25 error A complete log of this run can be found in: C:\Users\paradise\OneDrive\Desktop\ts-pokedex-master\npm-cache\_logs\2025-07-04T02_22_07_209Z-debug-0.log
